<?xml version="1.0" encoding="UTF-8"?>
<testsuite name="features.TestRunner" time="1.036" tests="26" errors="0" skipped="0" failures="0">
  <properties>
[...]
</properties>
  <testcase name="Given User open RS component website." classname="Scenario: Verify End 2 End flow with one Product" time="0.003"/>
  <testcase name="When Enter a valid item &quot;Digital Thermometers&quot; into search field." classname="Scenario: Verify End 2 End flow with one Product" time="0"/>
  <testcase name="And Select Brand filter &amp; sub filter and Click Apply." classname="Scenario: Verify End 2 End flow with one Product" time="0"/>
  <testcase name="And Enter Product Quantity &quot;1&quot; and click Add product." classname="Scenario: Verify End 2 End flow with one Product" time="0"/>
  <testcase name="Then Verify Product &quot;Digital Thermometer&quot; under checkout Page." classname="Scenario: Verify End 2 End flow with one Product" time="0"/>
  <testcase name="Scenario: Verify End 2 End flow with one Product" classname="Scenario: Verify End 2 End flow with one Product" time="0.193"/>
  <testcase name="Given User open RS component website." classname="Scenario: Verify End 2 End flow with Multiple Filter &amp; Multiple Products" time="0"/>
  <testcase name="When Enter a valid item &quot;Digital Thermometers&quot; into search field." classname="Scenario: Verify End 2 End flow with Multiple Filter &amp; Multiple Products" time="0"/>
  <testcase name="And Select Multiple filter &amp; sub filter and Click Apply." classname="Scenario: Verify End 2 End flow with Multiple Filter &amp; Multiple Products" time="0"/>
  <testcase name="And Select Two Product with Quantity &quot;1&quot; each and click Add product." classname="Scenario: Verify End 2 End flow with Multiple Filter &amp; Multiple Products" time="0"/>
  <testcase name="Then Verify Product &quot;Digital Thermometer&quot; under checkout Page." classname="Scenario: Verify End 2 End flow with Multiple Filter &amp; Multiple Products" time="0"/>
  <testcase name="Scenario: Verify End 2 End flow with Multiple Filter &amp; Multiple Products" classname="Scenario: Verify End 2 End flow with Multiple Filter &amp; Multiple Products" time="0.164"/>
  <testcase name="Given User open RS component website." classname="Scenario: Verify the Search criteria with valid Product Digital Thermometers without login to application" time="0"/>
  <testcase name="When Enter a valid item &quot;Digital Thermometers&quot; into search field." classname="Scenario: Verify the Search criteria with valid Product Digital Thermometers without login to application" time="0"/>
  <testcase name="Then Verify search item &quot;Digital Thermometers&quot; in search result section." classname="Scenario: Verify the Search criteria with valid Product Digital Thermometers without login to application" time="0"/>
  <testcase name="And Verify Result product page should contain atleast one result record." classname="Scenario: Verify the Search criteria with valid Product Digital Thermometers without login to application" time="0"/>
  <testcase name="Scenario: Verify the Search criteria with valid Product Digital Thermometers without login to application" classname="Scenario: Verify the Search criteria with valid Product Digital Thermometers without login to application" time="0.131"/>
  <testcase name="Given User open RS component website." classname="Scenario: Verify the Search criteria with invalid product Digital Thermometers item" time="0"/>
  <testcase name="When Enter a valid item &quot;Cricket Bat&quot; into search field." classname="Scenario: Verify the Search criteria with invalid product Digital Thermometers item" time="0"/>
  <testcase name="Then Verify zero search result &quot;We couldn&apos;t find any results for &apos;Cricket Bat&apos;&quot; in search result section." classname="Scenario: Verify the Search criteria with invalid product Digital Thermometers item" time="0"/>
  <testcase name="Scenario: Verify the Search criteria with invalid product Digital Thermometers item" classname="Scenario: Verify the Search criteria with invalid product Digital Thermometers item" time="0.255"/>
  <testcase name="Given User open RS component website." classname="Scenario: Verify Result product after Apply filter on Search criteria" time="0"/>
  <testcase name="When Enter a valid item &quot;Digital Thermometers &quot; into search field." classname="Scenario: Verify Result product after Apply filter on Search criteria" time="0"/>
  <testcase name="And Select Brand filter &amp; sub filter and Click Apply." classname="Scenario: Verify Result product after Apply filter on Search criteria" time="0"/>
  <testcase name="Then Verify Result product page should contain atleast one result record." classname="Scenario: Verify Result product after Apply filter on Search criteria" time="0"/>
  <testcase name="Scenario: Verify Result product after Apply filter on Search criteria" classname="Scenario: Verify Result product after Apply filter on Search criteria" time="0.29"/>
</testsuite>